TN:
SF:backend\src\index.js
FN:32,(anonymous_0)
FN:33,(anonymous_1)
FN:36,(anonymous_2)
FN:60,(anonymous_3)
FNF:4
FNH:3
FNDA:1,(anonymous_0)
FNDA:0,(anonymous_1)
FNDA:2,(anonymous_2)
FNDA:1,(anonymous_3)
DA:2,1
DA:3,1
DA:4,1
DA:5,1
DA:6,1
DA:7,1
DA:8,1
DA:11,1
DA:12,1
DA:15,1
DA:18,1
DA:22,1
DA:25,1
DA:26,1
DA:27,1
DA:30,1
DA:31,1
DA:32,1
DA:33,0
DA:36,1
DA:37,2
DA:40,2
DA:41,0
DA:45,2
DA:46,2
DA:47,1
DA:51,1
DA:52,1
DA:55,1
DA:59,1
DA:60,1
DA:62,1
LF:32
LH:30
BRDA:40,0,0,0
BRDA:40,0,1,2
BRDA:40,1,0,2
BRDA:40,1,1,2
BRDA:46,2,0,1
BRDA:46,2,1,1
BRDA:59,3,0,1
BRDA:59,3,1,0
BRF:8
BRH:6
end_of_record
TN:
SF:backend\src\config\dbConfig.js
FN:5,(anonymous_0)
FNF:1
FNH:1
FNDA:1,(anonymous_0)
DA:2,1
DA:3,1
DA:5,1
DA:6,1
DA:7,1
DA:11,1
DA:13,0
DA:16,0
DA:17,0
DA:19,0
DA:24,1
LF:11
LH:7
BRDA:16,0,0,0
BRDA:16,0,1,0
BRF:2
BRH:0
end_of_record
TN:
SF:backend\src\models\User.js
FNF:0
FNH:0
DA:2,1
DA:4,1
DA:9,1
DA:10,1
LF:4
LH:4
BRF:0
BRH:0
end_of_record
